2019-04-30 13:25:56,315 [Worker-0: Loading available Gradle versions] INFO  o.e.b.c.i.u.g.PublishedGradleVersions - Gradle version information cache is up-to-date. Trying to read.
2019-04-30 13:26:16,718 [Worker-14: Updating Maven Dependencies] INFO  o.e.m.c.i.l.LifecycleMappingFactory - Using org.maven.ide.eclipse.wtp.WarLifecycleMapping lifecycle mapping for MavenProject: Trip:Trip:0.0.1-SNAPSHOT @ D:\Dropbox\ISST\Trabajo\ISST-Grupo10-Trip\workspace\Trip\pom.xml.
2019-04-30 13:26:28,066 [Worker-6: Building workspace] INFO  o.e.m.c.i.l.LifecycleMappingFactory - Using org.maven.ide.eclipse.wtp.WarLifecycleMapping lifecycle mapping for MavenProject: Trip:Trip:0.0.1-SNAPSHOT @ D:\Dropbox\ISST\Trabajo\ISST-Grupo10-Trip\workspace\Trip\pom.xml.
2019-04-30 13:30:00,400 [Worker-3: Loading available Gradle versions] INFO  o.e.b.c.i.u.g.PublishedGradleVersions - Gradle version information cache is up-to-date. Trying to read.
2019-04-30 13:30:38,877 [Worker-8: Updating Maven Dependencies] INFO  o.e.m.c.i.l.LifecycleMappingFactory - Using org.maven.ide.eclipse.wtp.WarLifecycleMapping lifecycle mapping for MavenProject: Trip:Trip:0.0.1-SNAPSHOT @ D:\Dropbox\ISST\Trabajo\ISST-Grupo10-Trip\workspace\Trip\pom.xml.
2019-04-30 13:31:21,576 [Worker-24: Building workspace] WARN  o.e.m.c.i.embedder.EclipseLogger - Using platform encoding (GBK actually) to copy filtered resources, i.e. build is platform dependent!
2019-04-30 13:31:21,586 [Worker-24: Building workspace] INFO  o.e.m.c.i.embedder.EclipseLogger - skip non existing resourceDirectory D:\Dropbox\ISST\Trabajo\ISST-Grupo10-Trip\workspace\Trip\src\main\resources
2019-04-30 13:31:21,589 [Worker-24: Building workspace] WARN  o.e.m.c.i.embedder.EclipseLogger - Using platform encoding (GBK actually) to copy filtered resources, i.e. build is platform dependent!
2019-04-30 13:31:21,599 [Worker-24: Building workspace] INFO  o.e.m.c.i.embedder.EclipseLogger - skip non existing resourceDirectory D:\Dropbox\ISST\Trabajo\ISST-Grupo10-Trip\workspace\Trip\src\test\resources
2019-04-30 13:33:05,200 [Worker-32: Building workspace] WARN  o.e.m.c.i.embedder.EclipseLogger - Using platform encoding (GBK actually) to copy filtered resources, i.e. build is platform dependent!
2019-04-30 13:33:05,226 [Worker-32: Building workspace] INFO  o.e.m.c.i.embedder.EclipseLogger - skip non existing resourceDirectory D:\Dropbox\ISST\Trabajo\ISST-Grupo10-Trip\workspace\Trip\src\main\resources
2019-04-30 13:33:05,229 [Worker-32: Building workspace] WARN  o.e.m.c.i.embedder.EclipseLogger - Using platform encoding (GBK actually) to copy filtered resources, i.e. build is platform dependent!
2019-04-30 13:33:05,251 [Worker-32: Building workspace] INFO  o.e.m.c.i.embedder.EclipseLogger - skip non existing resourceDirectory D:\Dropbox\ISST\Trabajo\ISST-Grupo10-Trip\workspace\Trip\src\test\resources
2019-04-30 13:35:22,712 [Worker-31: Building workspace] WARN  o.e.m.c.i.embedder.EclipseLogger - Using platform encoding (GBK actually) to copy filtered resources, i.e. build is platform dependent!
2019-04-30 13:35:22,752 [Worker-31: Building workspace] INFO  o.e.m.c.i.embedder.EclipseLogger - skip non existing resourceDirectory D:\Dropbox\ISST\Trabajo\ISST-Grupo10-Trip\workspace\Trip\src\main\resources
2019-04-30 13:35:22,755 [Worker-31: Building workspace] WARN  o.e.m.c.i.embedder.EclipseLogger - Using platform encoding (GBK actually) to copy filtered resources, i.e. build is platform dependent!
2019-04-30 13:35:22,785 [Worker-31: Building workspace] INFO  o.e.m.c.i.embedder.EclipseLogger - skip non existing resourceDirectory D:\Dropbox\ISST\Trabajo\ISST-Grupo10-Trip\workspace\Trip\src\test\resources
2019-04-30 13:39:30,767 [Worker-28: Building workspace] WARN  o.e.m.c.i.embedder.EclipseLogger - Using platform encoding (GBK actually) to copy filtered resources, i.e. build is platform dependent!
2019-04-30 13:39:30,775 [Worker-28: Building workspace] INFO  o.e.m.c.i.embedder.EclipseLogger - skip non existing resourceDirectory D:\Dropbox\ISST\Trabajo\ISST-Grupo10-Trip\workspace\Trip\src\main\resources
2019-04-30 13:39:30,777 [Worker-28: Building workspace] WARN  o.e.m.c.i.embedder.EclipseLogger - Using platform encoding (GBK actually) to copy filtered resources, i.e. build is platform dependent!
2019-04-30 13:39:30,784 [Worker-28: Building workspace] INFO  o.e.m.c.i.embedder.EclipseLogger - skip non existing resourceDirectory D:\Dropbox\ISST\Trabajo\ISST-Grupo10-Trip\workspace\Trip\src\test\resources
2019-04-30 13:39:47,824 [Worker-34: Building workspace] WARN  o.e.m.c.i.embedder.EclipseLogger - Using platform encoding (GBK actually) to copy filtered resources, i.e. build is platform dependent!
2019-04-30 13:39:47,836 [Worker-34: Building workspace] INFO  o.e.m.c.i.embedder.EclipseLogger - skip non existing resourceDirectory D:\Dropbox\ISST\Trabajo\ISST-Grupo10-Trip\workspace\Trip\src\main\resources
2019-04-30 13:39:47,839 [Worker-34: Building workspace] WARN  o.e.m.c.i.embedder.EclipseLogger - Using platform encoding (GBK actually) to copy filtered resources, i.e. build is platform dependent!
2019-04-30 13:39:47,851 [Worker-34: Building workspace] INFO  o.e.m.c.i.embedder.EclipseLogger - skip non existing resourceDirectory D:\Dropbox\ISST\Trabajo\ISST-Grupo10-Trip\workspace\Trip\src\test\resources
2019-04-30 13:40:12,619 [Worker-9: Building workspace] WARN  o.e.m.c.i.embedder.EclipseLogger - Using platform encoding (GBK actually) to copy filtered resources, i.e. build is platform dependent!
2019-04-30 13:40:12,631 [Worker-9: Building workspace] INFO  o.e.m.c.i.embedder.EclipseLogger - skip non existing resourceDirectory D:\Dropbox\ISST\Trabajo\ISST-Grupo10-Trip\workspace\Trip\src\main\resources
2019-04-30 13:40:12,634 [Worker-9: Building workspace] WARN  o.e.m.c.i.embedder.EclipseLogger - Using platform encoding (GBK actually) to copy filtered resources, i.e. build is platform dependent!
2019-04-30 13:40:12,647 [Worker-9: Building workspace] INFO  o.e.m.c.i.embedder.EclipseLogger - skip non existing resourceDirectory D:\Dropbox\ISST\Trabajo\ISST-Grupo10-Trip\workspace\Trip\src\test\resources
2019-04-30 13:40:17,198 [Worker-34: Building workspace] WARN  o.e.m.c.i.embedder.EclipseLogger - Using platform encoding (GBK actually) to copy filtered resources, i.e. build is platform dependent!
2019-04-30 13:40:17,210 [Worker-34: Building workspace] INFO  o.e.m.c.i.embedder.EclipseLogger - skip non existing resourceDirectory D:\Dropbox\ISST\Trabajo\ISST-Grupo10-Trip\workspace\Trip\src\main\resources
2019-04-30 13:40:17,211 [Worker-34: Building workspace] WARN  o.e.m.c.i.embedder.EclipseLogger - Using platform encoding (GBK actually) to copy filtered resources, i.e. build is platform dependent!
2019-04-30 13:40:17,223 [Worker-34: Building workspace] INFO  o.e.m.c.i.embedder.EclipseLogger - skip non existing resourceDirectory D:\Dropbox\ISST\Trabajo\ISST-Grupo10-Trip\workspace\Trip\src\test\resources
2019-04-30 13:40:33,859 [Worker-34: Building workspace] WARN  o.e.m.c.i.embedder.EclipseLogger - Using platform encoding (GBK actually) to copy filtered resources, i.e. build is platform dependent!
2019-04-30 13:40:33,874 [Worker-34: Building workspace] INFO  o.e.m.c.i.embedder.EclipseLogger - skip non existing resourceDirectory D:\Dropbox\ISST\Trabajo\ISST-Grupo10-Trip\workspace\Trip\src\main\resources
2019-04-30 13:40:33,879 [Worker-34: Building workspace] WARN  o.e.m.c.i.embedder.EclipseLogger - Using platform encoding (GBK actually) to copy filtered resources, i.e. build is platform dependent!
2019-04-30 13:40:33,892 [Worker-34: Building workspace] INFO  o.e.m.c.i.embedder.EclipseLogger - skip non existing resourceDirectory D:\Dropbox\ISST\Trabajo\ISST-Grupo10-Trip\workspace\Trip\src\test\resources
2019-04-30 13:45:06,472 [Worker-36: Building workspace] WARN  o.e.m.c.i.embedder.EclipseLogger - Using platform encoding (GBK actually) to copy filtered resources, i.e. build is platform dependent!
2019-04-30 13:45:06,484 [Worker-36: Building workspace] INFO  o.e.m.c.i.embedder.EclipseLogger - skip non existing resourceDirectory D:\Dropbox\ISST\Trabajo\ISST-Grupo10-Trip\workspace\Trip\src\main\resources
2019-04-30 13:45:06,486 [Worker-36: Building workspace] WARN  o.e.m.c.i.embedder.EclipseLogger - Using platform encoding (GBK actually) to copy filtered resources, i.e. build is platform dependent!
2019-04-30 13:45:06,494 [Worker-36: Building workspace] INFO  o.e.m.c.i.embedder.EclipseLogger - skip non existing resourceDirectory D:\Dropbox\ISST\Trabajo\ISST-Grupo10-Trip\workspace\Trip\src\test\resources
2019-04-30 13:47:28,017 [Worker-37: Building workspace] WARN  o.e.m.c.i.embedder.EclipseLogger - Using platform encoding (GBK actually) to copy filtered resources, i.e. build is platform dependent!
2019-04-30 13:47:28,025 [Worker-37: Building workspace] INFO  o.e.m.c.i.embedder.EclipseLogger - skip non existing resourceDirectory D:\Dropbox\ISST\Trabajo\ISST-Grupo10-Trip\workspace\Trip\src\main\resources
2019-04-30 13:47:28,027 [Worker-37: Building workspace] WARN  o.e.m.c.i.embedder.EclipseLogger - Using platform encoding (GBK actually) to copy filtered resources, i.e. build is platform dependent!
2019-04-30 13:47:28,039 [Worker-37: Building workspace] INFO  o.e.m.c.i.embedder.EclipseLogger - skip non existing resourceDirectory D:\Dropbox\ISST\Trabajo\ISST-Grupo10-Trip\workspace\Trip\src\test\resources
2019-04-30 13:49:50,503 [Worker-39: Building workspace] WARN  o.e.m.c.i.embedder.EclipseLogger - Using platform encoding (GBK actually) to copy filtered resources, i.e. build is platform dependent!
2019-04-30 13:49:50,510 [Worker-39: Building workspace] INFO  o.e.m.c.i.embedder.EclipseLogger - skip non existing resourceDirectory D:\Dropbox\ISST\Trabajo\ISST-Grupo10-Trip\workspace\Trip\src\main\resources
2019-04-30 13:49:50,511 [Worker-39: Building workspace] WARN  o.e.m.c.i.embedder.EclipseLogger - Using platform encoding (GBK actually) to copy filtered resources, i.e. build is platform dependent!
2019-04-30 13:49:50,517 [Worker-39: Building workspace] INFO  o.e.m.c.i.embedder.EclipseLogger - skip non existing resourceDirectory D:\Dropbox\ISST\Trabajo\ISST-Grupo10-Trip\workspace\Trip\src\test\resources
2019-04-30 13:53:40,753 [Worker-43: Building workspace] WARN  o.e.m.c.i.embedder.EclipseLogger - Using platform encoding (GBK actually) to copy filtered resources, i.e. build is platform dependent!
2019-04-30 13:53:40,763 [Worker-43: Building workspace] INFO  o.e.m.c.i.embedder.EclipseLogger - skip non existing resourceDirectory D:\Dropbox\ISST\Trabajo\ISST-Grupo10-Trip\workspace\Trip\src\main\resources
2019-04-30 13:53:40,764 [Worker-43: Building workspace] WARN  o.e.m.c.i.embedder.EclipseLogger - Using platform encoding (GBK actually) to copy filtered resources, i.e. build is platform dependent!
2019-04-30 13:53:40,771 [Worker-43: Building workspace] INFO  o.e.m.c.i.embedder.EclipseLogger - skip non existing resourceDirectory D:\Dropbox\ISST\Trabajo\ISST-Grupo10-Trip\workspace\Trip\src\test\resources
2019-04-30 13:53:47,372 [Worker-43: Building workspace] WARN  o.e.m.c.i.embedder.EclipseLogger - Using platform encoding (GBK actually) to copy filtered resources, i.e. build is platform dependent!
2019-04-30 13:53:47,378 [Worker-43: Building workspace] INFO  o.e.m.c.i.embedder.EclipseLogger - skip non existing resourceDirectory D:\Dropbox\ISST\Trabajo\ISST-Grupo10-Trip\workspace\Trip\src\main\resources
2019-04-30 13:53:47,380 [Worker-43: Building workspace] WARN  o.e.m.c.i.embedder.EclipseLogger - Using platform encoding (GBK actually) to copy filtered resources, i.e. build is platform dependent!
2019-04-30 13:53:47,386 [Worker-43: Building workspace] INFO  o.e.m.c.i.embedder.EclipseLogger - skip non existing resourceDirectory D:\Dropbox\ISST\Trabajo\ISST-Grupo10-Trip\workspace\Trip\src\test\resources
2019-04-30 13:54:34,527 [Worker-42: Building workspace] WARN  o.e.m.c.i.embedder.EclipseLogger - Using platform encoding (GBK actually) to copy filtered resources, i.e. build is platform dependent!
2019-04-30 13:54:34,536 [Worker-42: Building workspace] INFO  o.e.m.c.i.embedder.EclipseLogger - skip non existing resourceDirectory D:\Dropbox\ISST\Trabajo\ISST-Grupo10-Trip\workspace\Trip\src\main\resources
2019-04-30 13:54:34,538 [Worker-42: Building workspace] WARN  o.e.m.c.i.embedder.EclipseLogger - Using platform encoding (GBK actually) to copy filtered resources, i.e. build is platform dependent!
2019-04-30 13:54:34,544 [Worker-42: Building workspace] INFO  o.e.m.c.i.embedder.EclipseLogger - skip non existing resourceDirectory D:\Dropbox\ISST\Trabajo\ISST-Grupo10-Trip\workspace\Trip\src\test\resources
2019-04-30 13:54:47,331 [Worker-44: Building workspace] WARN  o.e.m.c.i.embedder.EclipseLogger - Using platform encoding (GBK actually) to copy filtered resources, i.e. build is platform dependent!
2019-04-30 13:54:47,341 [Worker-44: Building workspace] INFO  o.e.m.c.i.embedder.EclipseLogger - skip non existing resourceDirectory D:\Dropbox\ISST\Trabajo\ISST-Grupo10-Trip\workspace\Trip\src\main\resources
2019-04-30 13:54:47,343 [Worker-44: Building workspace] WARN  o.e.m.c.i.embedder.EclipseLogger - Using platform encoding (GBK actually) to copy filtered resources, i.e. build is platform dependent!
2019-04-30 13:54:47,348 [Worker-44: Building workspace] INFO  o.e.m.c.i.embedder.EclipseLogger - skip non existing resourceDirectory D:\Dropbox\ISST\Trabajo\ISST-Grupo10-Trip\workspace\Trip\src\test\resources
2019-04-30 13:55:01,214 [Worker-39: Building workspace] WARN  o.e.m.c.i.embedder.EclipseLogger - Using platform encoding (GBK actually) to copy filtered resources, i.e. build is platform dependent!
2019-04-30 13:55:01,221 [Worker-39: Building workspace] INFO  o.e.m.c.i.embedder.EclipseLogger - skip non existing resourceDirectory D:\Dropbox\ISST\Trabajo\ISST-Grupo10-Trip\workspace\Trip\src\main\resources
2019-04-30 13:55:01,224 [Worker-39: Building workspace] WARN  o.e.m.c.i.embedder.EclipseLogger - Using platform encoding (GBK actually) to copy filtered resources, i.e. build is platform dependent!
2019-04-30 13:55:01,231 [Worker-39: Building workspace] INFO  o.e.m.c.i.embedder.EclipseLogger - skip non existing resourceDirectory D:\Dropbox\ISST\Trabajo\ISST-Grupo10-Trip\workspace\Trip\src\test\resources
2019-04-30 13:55:30,730 [Worker-36: Building workspace] WARN  o.e.m.c.i.embedder.EclipseLogger - Using platform encoding (GBK actually) to copy filtered resources, i.e. build is platform dependent!
2019-04-30 13:55:30,737 [Worker-36: Building workspace] INFO  o.e.m.c.i.embedder.EclipseLogger - skip non existing resourceDirectory D:\Dropbox\ISST\Trabajo\ISST-Grupo10-Trip\workspace\Trip\src\main\resources
2019-04-30 13:55:30,739 [Worker-36: Building workspace] WARN  o.e.m.c.i.embedder.EclipseLogger - Using platform encoding (GBK actually) to copy filtered resources, i.e. build is platform dependent!
2019-04-30 13:55:30,745 [Worker-36: Building workspace] INFO  o.e.m.c.i.embedder.EclipseLogger - skip non existing resourceDirectory D:\Dropbox\ISST\Trabajo\ISST-Grupo10-Trip\workspace\Trip\src\test\resources
2019-04-30 13:56:34,024 [Worker-40: Building workspace] WARN  o.e.m.c.i.embedder.EclipseLogger - Using platform encoding (GBK actually) to copy filtered resources, i.e. build is platform dependent!
2019-04-30 13:56:34,030 [Worker-40: Building workspace] INFO  o.e.m.c.i.embedder.EclipseLogger - skip non existing resourceDirectory D:\Dropbox\ISST\Trabajo\ISST-Grupo10-Trip\workspace\Trip\src\main\resources
2019-04-30 13:56:34,032 [Worker-40: Building workspace] WARN  o.e.m.c.i.embedder.EclipseLogger - Using platform encoding (GBK actually) to copy filtered resources, i.e. build is platform dependent!
2019-04-30 13:56:34,036 [Worker-40: Building workspace] INFO  o.e.m.c.i.embedder.EclipseLogger - skip non existing resourceDirectory D:\Dropbox\ISST\Trabajo\ISST-Grupo10-Trip\workspace\Trip\src\test\resources
2019-04-30 13:56:54,079 [Worker-41: Building workspace] WARN  o.e.m.c.i.embedder.EclipseLogger - Using platform encoding (GBK actually) to copy filtered resources, i.e. build is platform dependent!
2019-04-30 13:56:54,085 [Worker-41: Building workspace] INFO  o.e.m.c.i.embedder.EclipseLogger - skip non existing resourceDirectory D:\Dropbox\ISST\Trabajo\ISST-Grupo10-Trip\workspace\Trip\src\main\resources
2019-04-30 13:56:54,087 [Worker-41: Building workspace] WARN  o.e.m.c.i.embedder.EclipseLogger - Using platform encoding (GBK actually) to copy filtered resources, i.e. build is platform dependent!
2019-04-30 13:56:54,091 [Worker-41: Building workspace] INFO  o.e.m.c.i.embedder.EclipseLogger - skip non existing resourceDirectory D:\Dropbox\ISST\Trabajo\ISST-Grupo10-Trip\workspace\Trip\src\test\resources
2019-04-30 14:00:55,769 [Worker-46: Building workspace] WARN  o.e.m.c.i.embedder.EclipseLogger - Using platform encoding (GBK actually) to copy filtered resources, i.e. build is platform dependent!
2019-04-30 14:00:55,774 [Worker-46: Building workspace] INFO  o.e.m.c.i.embedder.EclipseLogger - skip non existing resourceDirectory D:\Dropbox\ISST\Trabajo\ISST-Grupo10-Trip\workspace\Trip\src\main\resources
2019-04-30 14:00:55,775 [Worker-46: Building workspace] WARN  o.e.m.c.i.embedder.EclipseLogger - Using platform encoding (GBK actually) to copy filtered resources, i.e. build is platform dependent!
2019-04-30 14:00:55,781 [Worker-46: Building workspace] INFO  o.e.m.c.i.embedder.EclipseLogger - skip non existing resourceDirectory D:\Dropbox\ISST\Trabajo\ISST-Grupo10-Trip\workspace\Trip\src\test\resources
2019-04-30 14:02:31,821 [Worker-48: Building workspace] WARN  o.e.m.c.i.embedder.EclipseLogger - Using platform encoding (GBK actually) to copy filtered resources, i.e. build is platform dependent!
2019-04-30 14:02:31,829 [Worker-48: Building workspace] INFO  o.e.m.c.i.embedder.EclipseLogger - skip non existing resourceDirectory D:\Dropbox\ISST\Trabajo\ISST-Grupo10-Trip\workspace\Trip\src\main\resources
2019-04-30 14:02:31,830 [Worker-48: Building workspace] WARN  o.e.m.c.i.embedder.EclipseLogger - Using platform encoding (GBK actually) to copy filtered resources, i.e. build is platform dependent!
2019-04-30 14:02:31,834 [Worker-48: Building workspace] INFO  o.e.m.c.i.embedder.EclipseLogger - skip non existing resourceDirectory D:\Dropbox\ISST\Trabajo\ISST-Grupo10-Trip\workspace\Trip\src\test\resources
2019-04-30 14:02:41,063 [Worker-46: Building workspace] WARN  o.e.m.c.i.embedder.EclipseLogger - Using platform encoding (GBK actually) to copy filtered resources, i.e. build is platform dependent!
2019-04-30 14:02:41,068 [Worker-46: Building workspace] INFO  o.e.m.c.i.embedder.EclipseLogger - skip non existing resourceDirectory D:\Dropbox\ISST\Trabajo\ISST-Grupo10-Trip\workspace\Trip\src\main\resources
2019-04-30 14:02:41,069 [Worker-46: Building workspace] WARN  o.e.m.c.i.embedder.EclipseLogger - Using platform encoding (GBK actually) to copy filtered resources, i.e. build is platform dependent!
2019-04-30 14:02:41,074 [Worker-46: Building workspace] INFO  o.e.m.c.i.embedder.EclipseLogger - skip non existing resourceDirectory D:\Dropbox\ISST\Trabajo\ISST-Grupo10-Trip\workspace\Trip\src\test\resources
2019-04-30 14:05:03,401 [Worker-36: Building workspace] WARN  o.e.m.c.i.embedder.EclipseLogger - Using platform encoding (GBK actually) to copy filtered resources, i.e. build is platform dependent!
2019-04-30 14:05:03,407 [Worker-36: Building workspace] INFO  o.e.m.c.i.embedder.EclipseLogger - skip non existing resourceDirectory D:\Dropbox\ISST\Trabajo\ISST-Grupo10-Trip\workspace\Trip\src\main\resources
2019-04-30 14:05:03,408 [Worker-36: Building workspace] WARN  o.e.m.c.i.embedder.EclipseLogger - Using platform encoding (GBK actually) to copy filtered resources, i.e. build is platform dependent!
2019-04-30 14:05:03,415 [Worker-36: Building workspace] INFO  o.e.m.c.i.embedder.EclipseLogger - skip non existing resourceDirectory D:\Dropbox\ISST\Trabajo\ISST-Grupo10-Trip\workspace\Trip\src\test\resources
2019-04-30 14:05:10,396 [Worker-51: Building workspace] WARN  o.e.m.c.i.embedder.EclipseLogger - Using platform encoding (GBK actually) to copy filtered resources, i.e. build is platform dependent!
2019-04-30 14:05:10,404 [Worker-51: Building workspace] INFO  o.e.m.c.i.embedder.EclipseLogger - skip non existing resourceDirectory D:\Dropbox\ISST\Trabajo\ISST-Grupo10-Trip\workspace\Trip\src\main\resources
2019-04-30 14:05:10,405 [Worker-51: Building workspace] WARN  o.e.m.c.i.embedder.EclipseLogger - Using platform encoding (GBK actually) to copy filtered resources, i.e. build is platform dependent!
2019-04-30 14:05:10,412 [Worker-51: Building workspace] INFO  o.e.m.c.i.embedder.EclipseLogger - skip non existing resourceDirectory D:\Dropbox\ISST\Trabajo\ISST-Grupo10-Trip\workspace\Trip\src\test\resources
2019-04-30 14:05:17,491 [Worker-46: Building workspace] WARN  o.e.m.c.i.embedder.EclipseLogger - Using platform encoding (GBK actually) to copy filtered resources, i.e. build is platform dependent!
2019-04-30 14:05:17,498 [Worker-46: Building workspace] INFO  o.e.m.c.i.embedder.EclipseLogger - skip non existing resourceDirectory D:\Dropbox\ISST\Trabajo\ISST-Grupo10-Trip\workspace\Trip\src\main\resources
2019-04-30 14:05:17,499 [Worker-46: Building workspace] WARN  o.e.m.c.i.embedder.EclipseLogger - Using platform encoding (GBK actually) to copy filtered resources, i.e. build is platform dependent!
2019-04-30 14:05:17,507 [Worker-46: Building workspace] INFO  o.e.m.c.i.embedder.EclipseLogger - skip non existing resourceDirectory D:\Dropbox\ISST\Trabajo\ISST-Grupo10-Trip\workspace\Trip\src\test\resources
2019-04-30 14:07:27,262 [Worker-50: Building workspace] WARN  o.e.m.c.i.embedder.EclipseLogger - Using platform encoding (GBK actually) to copy filtered resources, i.e. build is platform dependent!
2019-04-30 14:07:27,268 [Worker-50: Building workspace] INFO  o.e.m.c.i.embedder.EclipseLogger - skip non existing resourceDirectory D:\Dropbox\ISST\Trabajo\ISST-Grupo10-Trip\workspace\Trip\src\main\resources
2019-04-30 14:07:27,269 [Worker-50: Building workspace] WARN  o.e.m.c.i.embedder.EclipseLogger - Using platform encoding (GBK actually) to copy filtered resources, i.e. build is platform dependent!
2019-04-30 14:07:27,274 [Worker-50: Building workspace] INFO  o.e.m.c.i.embedder.EclipseLogger - skip non existing resourceDirectory D:\Dropbox\ISST\Trabajo\ISST-Grupo10-Trip\workspace\Trip\src\test\resources
2019-04-30 14:08:04,107 [Worker-47: Building workspace] WARN  o.e.m.c.i.embedder.EclipseLogger - Using platform encoding (GBK actually) to copy filtered resources, i.e. build is platform dependent!
2019-04-30 14:08:04,113 [Worker-47: Building workspace] INFO  o.e.m.c.i.embedder.EclipseLogger - skip non existing resourceDirectory D:\Dropbox\ISST\Trabajo\ISST-Grupo10-Trip\workspace\Trip\src\main\resources
2019-04-30 14:08:04,114 [Worker-47: Building workspace] WARN  o.e.m.c.i.embedder.EclipseLogger - Using platform encoding (GBK actually) to copy filtered resources, i.e. build is platform dependent!
2019-04-30 14:08:04,121 [Worker-47: Building workspace] INFO  o.e.m.c.i.embedder.EclipseLogger - skip non existing resourceDirectory D:\Dropbox\ISST\Trabajo\ISST-Grupo10-Trip\workspace\Trip\src\test\resources
2019-04-30 14:08:50,231 [Worker-51: Building workspace] WARN  o.e.m.c.i.embedder.EclipseLogger - Using platform encoding (GBK actually) to copy filtered resources, i.e. build is platform dependent!
2019-04-30 14:08:50,236 [Worker-51: Building workspace] INFO  o.e.m.c.i.embedder.EclipseLogger - skip non existing resourceDirectory D:\Dropbox\ISST\Trabajo\ISST-Grupo10-Trip\workspace\Trip\src\main\resources
2019-04-30 14:08:50,237 [Worker-51: Building workspace] WARN  o.e.m.c.i.embedder.EclipseLogger - Using platform encoding (GBK actually) to copy filtered resources, i.e. build is platform dependent!
2019-04-30 14:08:50,243 [Worker-51: Building workspace] INFO  o.e.m.c.i.embedder.EclipseLogger - skip non existing resourceDirectory D:\Dropbox\ISST\Trabajo\ISST-Grupo10-Trip\workspace\Trip\src\test\resources
2019-04-30 14:10:01,506 [Worker-50: Building workspace] WARN  o.e.m.c.i.embedder.EclipseLogger - Using platform encoding (GBK actually) to copy filtered resources, i.e. build is platform dependent!
2019-04-30 14:10:01,512 [Worker-50: Building workspace] INFO  o.e.m.c.i.embedder.EclipseLogger - skip non existing resourceDirectory D:\Dropbox\ISST\Trabajo\ISST-Grupo10-Trip\workspace\Trip\src\main\resources
2019-04-30 14:10:01,514 [Worker-50: Building workspace] WARN  o.e.m.c.i.embedder.EclipseLogger - Using platform encoding (GBK actually) to copy filtered resources, i.e. build is platform dependent!
2019-04-30 14:10:01,521 [Worker-50: Building workspace] INFO  o.e.m.c.i.embedder.EclipseLogger - skip non existing resourceDirectory D:\Dropbox\ISST\Trabajo\ISST-Grupo10-Trip\workspace\Trip\src\test\resources
2019-04-30 14:10:32,722 [Worker-51: Building workspace] WARN  o.e.m.c.i.embedder.EclipseLogger - Using platform encoding (GBK actually) to copy filtered resources, i.e. build is platform dependent!
2019-04-30 14:10:32,727 [Worker-51: Building workspace] INFO  o.e.m.c.i.embedder.EclipseLogger - skip non existing resourceDirectory D:\Dropbox\ISST\Trabajo\ISST-Grupo10-Trip\workspace\Trip\src\main\resources
2019-04-30 14:10:32,728 [Worker-51: Building workspace] WARN  o.e.m.c.i.embedder.EclipseLogger - Using platform encoding (GBK actually) to copy filtered resources, i.e. build is platform dependent!
2019-04-30 14:10:32,734 [Worker-51: Building workspace] INFO  o.e.m.c.i.embedder.EclipseLogger - skip non existing resourceDirectory D:\Dropbox\ISST\Trabajo\ISST-Grupo10-Trip\workspace\Trip\src\test\resources
2019-04-30 14:11:34,499 [Worker-47: Building workspace] WARN  o.e.m.c.i.embedder.EclipseLogger - Using platform encoding (GBK actually) to copy filtered resources, i.e. build is platform dependent!
2019-04-30 14:11:34,508 [Worker-47: Building workspace] INFO  o.e.m.c.i.embedder.EclipseLogger - skip non existing resourceDirectory D:\Dropbox\ISST\Trabajo\ISST-Grupo10-Trip\workspace\Trip\src\main\resources
2019-04-30 14:11:34,509 [Worker-47: Building workspace] WARN  o.e.m.c.i.embedder.EclipseLogger - Using platform encoding (GBK actually) to copy filtered resources, i.e. build is platform dependent!
2019-04-30 14:11:34,515 [Worker-47: Building workspace] INFO  o.e.m.c.i.embedder.EclipseLogger - skip non existing resourceDirectory D:\Dropbox\ISST\Trabajo\ISST-Grupo10-Trip\workspace\Trip\src\test\resources
2019-04-30 14:11:41,157 [Worker-50: Building workspace] WARN  o.e.m.c.i.embedder.EclipseLogger - Using platform encoding (GBK actually) to copy filtered resources, i.e. build is platform dependent!
2019-04-30 14:11:41,164 [Worker-50: Building workspace] INFO  o.e.m.c.i.embedder.EclipseLogger - skip non existing resourceDirectory D:\Dropbox\ISST\Trabajo\ISST-Grupo10-Trip\workspace\Trip\src\main\resources
2019-04-30 14:11:41,166 [Worker-50: Building workspace] WARN  o.e.m.c.i.embedder.EclipseLogger - Using platform encoding (GBK actually) to copy filtered resources, i.e. build is platform dependent!
2019-04-30 14:11:41,173 [Worker-50: Building workspace] INFO  o.e.m.c.i.embedder.EclipseLogger - skip non existing resourceDirectory D:\Dropbox\ISST\Trabajo\ISST-Grupo10-Trip\workspace\Trip\src\test\resources
2019-04-30 14:14:31,682 [Worker-52: Building workspace] WARN  o.e.m.c.i.embedder.EclipseLogger - Using platform encoding (GBK actually) to copy filtered resources, i.e. build is platform dependent!
2019-04-30 14:14:31,695 [Worker-52: Building workspace] INFO  o.e.m.c.i.embedder.EclipseLogger - skip non existing resourceDirectory D:\Dropbox\ISST\Trabajo\ISST-Grupo10-Trip\workspace\Trip\src\main\resources
2019-04-30 14:14:31,697 [Worker-52: Building workspace] WARN  o.e.m.c.i.embedder.EclipseLogger - Using platform encoding (GBK actually) to copy filtered resources, i.e. build is platform dependent!
2019-04-30 14:14:31,704 [Worker-52: Building workspace] INFO  o.e.m.c.i.embedder.EclipseLogger - skip non existing resourceDirectory D:\Dropbox\ISST\Trabajo\ISST-Grupo10-Trip\workspace\Trip\src\test\resources
2019-04-30 14:14:35,567 [Worker-48: Building workspace] WARN  o.e.m.c.i.embedder.EclipseLogger - Using platform encoding (GBK actually) to copy filtered resources, i.e. build is platform dependent!
2019-04-30 14:14:35,574 [Worker-48: Building workspace] INFO  o.e.m.c.i.embedder.EclipseLogger - skip non existing resourceDirectory D:\Dropbox\ISST\Trabajo\ISST-Grupo10-Trip\workspace\Trip\src\main\resources
2019-04-30 14:14:35,575 [Worker-48: Building workspace] WARN  o.e.m.c.i.embedder.EclipseLogger - Using platform encoding (GBK actually) to copy filtered resources, i.e. build is platform dependent!
2019-04-30 14:14:35,580 [Worker-48: Building workspace] INFO  o.e.m.c.i.embedder.EclipseLogger - skip non existing resourceDirectory D:\Dropbox\ISST\Trabajo\ISST-Grupo10-Trip\workspace\Trip\src\test\resources
2019-04-30 14:14:43,033 [Worker-50: Building workspace] WARN  o.e.m.c.i.embedder.EclipseLogger - Using platform encoding (GBK actually) to copy filtered resources, i.e. build is platform dependent!
2019-04-30 14:14:43,038 [Worker-50: Building workspace] INFO  o.e.m.c.i.embedder.EclipseLogger - skip non existing resourceDirectory D:\Dropbox\ISST\Trabajo\ISST-Grupo10-Trip\workspace\Trip\src\main\resources
2019-04-30 14:14:43,040 [Worker-50: Building workspace] WARN  o.e.m.c.i.embedder.EclipseLogger - Using platform encoding (GBK actually) to copy filtered resources, i.e. build is platform dependent!
2019-04-30 14:14:43,046 [Worker-50: Building workspace] INFO  o.e.m.c.i.embedder.EclipseLogger - skip non existing resourceDirectory D:\Dropbox\ISST\Trabajo\ISST-Grupo10-Trip\workspace\Trip\src\test\resources
2019-04-30 14:15:03,864 [Worker-52: Building workspace] WARN  o.e.m.c.i.embedder.EclipseLogger - Using platform encoding (GBK actually) to copy filtered resources, i.e. build is platform dependent!
2019-04-30 14:15:03,869 [Worker-52: Building workspace] INFO  o.e.m.c.i.embedder.EclipseLogger - skip non existing resourceDirectory D:\Dropbox\ISST\Trabajo\ISST-Grupo10-Trip\workspace\Trip\src\main\resources
2019-04-30 14:15:03,870 [Worker-52: Building workspace] WARN  o.e.m.c.i.embedder.EclipseLogger - Using platform encoding (GBK actually) to copy filtered resources, i.e. build is platform dependent!
2019-04-30 14:15:03,875 [Worker-52: Building workspace] INFO  o.e.m.c.i.embedder.EclipseLogger - skip non existing resourceDirectory D:\Dropbox\ISST\Trabajo\ISST-Grupo10-Trip\workspace\Trip\src\test\resources
2019-04-30 14:16:22,871 [Worker-52: Building workspace] WARN  o.e.m.c.i.embedder.EclipseLogger - Using platform encoding (GBK actually) to copy filtered resources, i.e. build is platform dependent!
2019-04-30 14:16:22,879 [Worker-52: Building workspace] INFO  o.e.m.c.i.embedder.EclipseLogger - skip non existing resourceDirectory D:\Dropbox\ISST\Trabajo\ISST-Grupo10-Trip\workspace\Trip\src\main\resources
2019-04-30 14:16:22,880 [Worker-52: Building workspace] WARN  o.e.m.c.i.embedder.EclipseLogger - Using platform encoding (GBK actually) to copy filtered resources, i.e. build is platform dependent!
2019-04-30 14:16:22,891 [Worker-52: Building workspace] INFO  o.e.m.c.i.embedder.EclipseLogger - skip non existing resourceDirectory D:\Dropbox\ISST\Trabajo\ISST-Grupo10-Trip\workspace\Trip\src\test\resources
2019-04-30 14:17:12,494 [Worker-50: Building workspace] WARN  o.e.m.c.i.embedder.EclipseLogger - Using platform encoding (GBK actually) to copy filtered resources, i.e. build is platform dependent!
2019-04-30 14:17:12,500 [Worker-50: Building workspace] INFO  o.e.m.c.i.embedder.EclipseLogger - skip non existing resourceDirectory D:\Dropbox\ISST\Trabajo\ISST-Grupo10-Trip\workspace\Trip\src\main\resources
2019-04-30 14:17:12,501 [Worker-50: Building workspace] WARN  o.e.m.c.i.embedder.EclipseLogger - Using platform encoding (GBK actually) to copy filtered resources, i.e. build is platform dependent!
2019-04-30 14:17:12,506 [Worker-50: Building workspace] INFO  o.e.m.c.i.embedder.EclipseLogger - skip non existing resourceDirectory D:\Dropbox\ISST\Trabajo\ISST-Grupo10-Trip\workspace\Trip\src\test\resources
2019-04-30 14:17:14,573 [Worker-52: Building workspace] WARN  o.e.m.c.i.embedder.EclipseLogger - Using platform encoding (GBK actually) to copy filtered resources, i.e. build is platform dependent!
2019-04-30 14:17:14,580 [Worker-52: Building workspace] INFO  o.e.m.c.i.embedder.EclipseLogger - skip non existing resourceDirectory D:\Dropbox\ISST\Trabajo\ISST-Grupo10-Trip\workspace\Trip\src\main\resources
2019-04-30 14:17:14,580 [Worker-52: Building workspace] WARN  o.e.m.c.i.embedder.EclipseLogger - Using platform encoding (GBK actually) to copy filtered resources, i.e. build is platform dependent!
2019-04-30 14:17:14,585 [Worker-52: Building workspace] INFO  o.e.m.c.i.embedder.EclipseLogger - skip non existing resourceDirectory D:\Dropbox\ISST\Trabajo\ISST-Grupo10-Trip\workspace\Trip\src\test\resources
2019-04-30 14:18:44,916 [Worker-51: Building workspace] WARN  o.e.m.c.i.embedder.EclipseLogger - Using platform encoding (GBK actually) to copy filtered resources, i.e. build is platform dependent!
2019-04-30 14:18:44,922 [Worker-51: Building workspace] INFO  o.e.m.c.i.embedder.EclipseLogger - skip non existing resourceDirectory D:\Dropbox\ISST\Trabajo\ISST-Grupo10-Trip\workspace\Trip\src\main\resources
2019-04-30 14:18:44,923 [Worker-51: Building workspace] WARN  o.e.m.c.i.embedder.EclipseLogger - Using platform encoding (GBK actually) to copy filtered resources, i.e. build is platform dependent!
2019-04-30 14:18:44,928 [Worker-51: Building workspace] INFO  o.e.m.c.i.embedder.EclipseLogger - skip non existing resourceDirectory D:\Dropbox\ISST\Trabajo\ISST-Grupo10-Trip\workspace\Trip\src\test\resources
2019-04-30 14:18:59,296 [Worker-43: Building workspace] WARN  o.e.m.c.i.embedder.EclipseLogger - Using platform encoding (GBK actually) to copy filtered resources, i.e. build is platform dependent!
2019-04-30 14:18:59,303 [Worker-43: Building workspace] INFO  o.e.m.c.i.embedder.EclipseLogger - skip non existing resourceDirectory D:\Dropbox\ISST\Trabajo\ISST-Grupo10-Trip\workspace\Trip\src\main\resources
2019-04-30 14:18:59,304 [Worker-43: Building workspace] WARN  o.e.m.c.i.embedder.EclipseLogger - Using platform encoding (GBK actually) to copy filtered resources, i.e. build is platform dependent!
2019-04-30 14:18:59,311 [Worker-43: Building workspace] INFO  o.e.m.c.i.embedder.EclipseLogger - skip non existing resourceDirectory D:\Dropbox\ISST\Trabajo\ISST-Grupo10-Trip\workspace\Trip\src\test\resources
2019-04-30 14:19:05,217 [Worker-52: Building workspace] WARN  o.e.m.c.i.embedder.EclipseLogger - Using platform encoding (GBK actually) to copy filtered resources, i.e. build is platform dependent!
2019-04-30 14:19:05,222 [Worker-52: Building workspace] INFO  o.e.m.c.i.embedder.EclipseLogger - skip non existing resourceDirectory D:\Dropbox\ISST\Trabajo\ISST-Grupo10-Trip\workspace\Trip\src\main\resources
2019-04-30 14:19:05,223 [Worker-52: Building workspace] WARN  o.e.m.c.i.embedder.EclipseLogger - Using platform encoding (GBK actually) to copy filtered resources, i.e. build is platform dependent!
2019-04-30 14:19:05,229 [Worker-52: Building workspace] INFO  o.e.m.c.i.embedder.EclipseLogger - skip non existing resourceDirectory D:\Dropbox\ISST\Trabajo\ISST-Grupo10-Trip\workspace\Trip\src\test\resources
2019-04-30 14:19:22,122 [Worker-46: Building workspace] WARN  o.e.m.c.i.embedder.EclipseLogger - Using platform encoding (GBK actually) to copy filtered resources, i.e. build is platform dependent!
2019-04-30 14:19:22,129 [Worker-46: Building workspace] INFO  o.e.m.c.i.embedder.EclipseLogger - skip non existing resourceDirectory D:\Dropbox\ISST\Trabajo\ISST-Grupo10-Trip\workspace\Trip\src\main\resources
2019-04-30 14:19:22,131 [Worker-46: Building workspace] WARN  o.e.m.c.i.embedder.EclipseLogger - Using platform encoding (GBK actually) to copy filtered resources, i.e. build is platform dependent!
2019-04-30 14:19:22,139 [Worker-46: Building workspace] INFO  o.e.m.c.i.embedder.EclipseLogger - skip non existing resourceDirectory D:\Dropbox\ISST\Trabajo\ISST-Grupo10-Trip\workspace\Trip\src\test\resources
2019-04-30 14:19:29,930 [Worker-51: Building workspace] WARN  o.e.m.c.i.embedder.EclipseLogger - Using platform encoding (GBK actually) to copy filtered resources, i.e. build is platform dependent!
2019-04-30 14:19:29,937 [Worker-51: Building workspace] INFO  o.e.m.c.i.embedder.EclipseLogger - skip non existing resourceDirectory D:\Dropbox\ISST\Trabajo\ISST-Grupo10-Trip\workspace\Trip\src\main\resources
2019-04-30 14:19:29,938 [Worker-51: Building workspace] WARN  o.e.m.c.i.embedder.EclipseLogger - Using platform encoding (GBK actually) to copy filtered resources, i.e. build is platform dependent!
2019-04-30 14:19:29,944 [Worker-51: Building workspace] INFO  o.e.m.c.i.embedder.EclipseLogger - skip non existing resourceDirectory D:\Dropbox\ISST\Trabajo\ISST-Grupo10-Trip\workspace\Trip\src\test\resources
